INFO:__main__:========================================
INFO:__main__:512->256 TRL
INFO:__main__:Runs: [0.968500018119812, 0.9699000120162964, 0.9707000255584717, 0.9700999855995178]
INFO:__main__:Average val acc over seeds: 0.9698 ± 0.0008, val error: 0.0302 ± 0.0008
INFO:__main__:---
INFO:__main__:========================================
INFO:__main__:
512->256 TRL-S
INFO:__main__:Runs: [0.9629999995231628, 0.9650999903678894, 0.9642000198364258, 0.9650999903678894]
INFO:__main__:Average val acc over seeds: 0.9644 ± 0.0009, val error: 0.0356 ± 0.0009
INFO:__main__:---
INFO:__main__:========================================
INFO:__main__:512->256 TRL AUG & BN
INFO:__main__:Runs: [0.9847000241279602, 0.9822999835014343, 0.9828000068664551, 0.9803000092506409, 0.9818999767303467]
INFO:__main__:Average val acc over seeds: 0.9824 ± 0.0014, val error: 0.0176 ± 0.0014
INFO:__main__:---
INFO:__main__:========================================
INFO:__main__:
512->256 TRL-S AUG & BN
INFO:__main__:Runs: [0.9783999919891357, 0.9757999777793884, 0.9761000275611877, 0.9783999919891357, 0.9771999716758728]
INFO:__main__:Average val acc over seeds: 0.9772 ± 0.0011, val error: 0.0228 ± 0.0011
INFO:__main__:---
INFO:__main__:========================================
INFO:__main__:
Eqprop Scale TRL
INFO:__main__:Runs: [0.9668999910354614, 0.96670001745224, 0.9682000279426575, 0.9667999744415283, 0.9686999917030334]
INFO:__main__:Average val acc over seeds: 0.9675 ± 0.0008, val error: 0.0325 ± 0.0008
INFO:__main__:---
INFO:__main__:========================================
INFO:__main__:
EqProp Scale TRL-S
INFO:__main__:Runs: [0.965399980545044, 0.9642000198364258, 0.9648000001907349, 0.9649999737739563, 0.961899995803833]
INFO:__main__:Average val acc over seeds: 0.9643 ± 0.0012, val error: 0.0357 ± 0.0012
INFO:__main__:---
INFO:__main__:========================================
INFO:__main__:
FF Scale TRL
